  GameManager.cpp
D:\Jorge\tp\TrabajoParcialNuevo\GameManager.cpp(7,18): warning C4996: 'localtime': This function or variable may be unsafe. Consider using localtime_s instead. To disable deprecation, use _CRT_SECURE_NO_WARNINGS. See online help for details.
D:\Jorge\tp\TrabajoParcialNuevo\GameManager.cpp(252,2): warning C4267: 'inicializando': conversión de 'size_t' a 'int'; posible pérdida de datos
D:\Jorge\tp\TrabajoParcialNuevo\GameManager.cpp(257,2): warning C4267: 'inicializando': conversión de 'size_t' a 'int'; posible pérdida de datos
D:\Jorge\tp\TrabajoParcialNuevo\GameManager.cpp(262,2): warning C4267: 'inicializando': conversión de 'size_t' a 'int'; posible pérdida de datos
D:\Jorge\tp\TrabajoParcialNuevo\GameManager.cpp(355,60): warning C4244: 'argumento': conversión de 'double' a 'float'; posible pérdida de datos
D:\Jorge\tp\TrabajoParcialNuevo\GameManager.cpp(292,7): warning C4101: 'eliminado': variable local sin referencia
D:\Jorge\tp\TrabajoParcialNuevo\GameManager.cpp(398,51): warning C4244: 'argumento': conversión de 'int' a 'float'; posible pérdida de datos
D:\Jorge\tp\TrabajoParcialNuevo\GameManager.cpp(398,39): warning C4244: 'argumento': conversión de 'int' a 'float'; posible pérdida de datos
D:\Jorge\tp\TrabajoParcialNuevo\GameManager.cpp(402,51): warning C4244: 'argumento': conversión de 'int' a 'float'; posible pérdida de datos
D:\Jorge\tp\TrabajoParcialNuevo\GameManager.cpp(402,39): warning C4244: 'argumento': conversión de 'int' a 'float'; posible pérdida de datos
D:\Jorge\tp\TrabajoParcialNuevo\GameManager.cpp(406,51): warning C4244: 'argumento': conversión de 'int' a 'float'; posible pérdida de datos
D:\Jorge\tp\TrabajoParcialNuevo\GameManager.cpp(406,39): warning C4244: 'argumento': conversión de 'int' a 'float'; posible pérdida de datos
D:\Jorge\tp\TrabajoParcialNuevo\GameManager.cpp(420,71): warning C4267: 'argumento': conversión de 'size_t' a 'int'; posible pérdida de datos
D:\Jorge\tp\TrabajoParcialNuevo\GameManager.cpp(420,53): warning C4244: 'argumento': conversión de 'int' a 'float'; posible pérdida de datos
D:\Jorge\tp\TrabajoParcialNuevo\GameManager.cpp(420,41): warning C4244: 'argumento': conversión de 'int' a 'float'; posible pérdida de datos
D:\Jorge\tp\TrabajoParcialNuevo\GameManager.cpp(424,71): warning C4267: 'argumento': conversión de 'size_t' a 'int'; posible pérdida de datos
D:\Jorge\tp\TrabajoParcialNuevo\GameManager.cpp(424,53): warning C4244: 'argumento': conversión de 'int' a 'float'; posible pérdida de datos
D:\Jorge\tp\TrabajoParcialNuevo\GameManager.cpp(424,41): warning C4244: 'argumento': conversión de 'int' a 'float'; posible pérdida de datos
D:\Jorge\tp\TrabajoParcialNuevo\GameManager.cpp(429,71): warning C4267: 'argumento': conversión de 'size_t' a 'int'; posible pérdida de datos
D:\Jorge\tp\TrabajoParcialNuevo\GameManager.cpp(429,53): warning C4244: 'argumento': conversión de 'int' a 'float'; posible pérdida de datos
D:\Jorge\tp\TrabajoParcialNuevo\GameManager.cpp(429,41): warning C4244: 'argumento': conversión de 'int' a 'float'; posible pérdida de datos
D:\Jorge\tp\TrabajoParcialNuevo\GameManager.cpp(464,18): warning C4244: '=': conversión de 'int' a 'float'; posible pérdida de datos
D:\Jorge\tp\TrabajoParcialNuevo\GameManager.cpp(465,18): warning C4244: '=': conversión de 'int' a 'float'; posible pérdida de datos
D:\Jorge\tp\TrabajoParcialNuevo\GameManager.cpp(480,20): warning C4244: '=': conversión de 'int' a 'float'; posible pérdida de datos
D:\Jorge\tp\TrabajoParcialNuevo\GameManager.cpp(481,20): warning C4244: '=': conversión de 'int' a 'float'; posible pérdida de datos
D:\Jorge\tp\TrabajoParcialNuevo\GameManager.cpp(553,18): warning C4244: '=': conversión de 'int' a 'float'; posible pérdida de datos
D:\Jorge\tp\TrabajoParcialNuevo\GameManager.cpp(554,18): warning C4244: '=': conversión de 'int' a 'float'; posible pérdida de datos
D:\Jorge\tp\TrabajoParcialNuevo\GameManager.cpp(569,20): warning C4244: '=': conversión de 'int' a 'float'; posible pérdida de datos
D:\Jorge\tp\TrabajoParcialNuevo\GameManager.cpp(570,20): warning C4244: '=': conversión de 'int' a 'float'; posible pérdida de datos
D:\Jorge\tp\TrabajoParcialNuevo\GameManager.cpp(586,4): warning C4267: 'inicializando': conversión de 'size_t' a 'int'; posible pérdida de datos
D:\Jorge\tp\TrabajoParcialNuevo\GameManager.cpp(615,9): warning C4244: 'inicializando': conversión de 'float' a 'int'; posible pérdida de datos
D:\Jorge\tp\TrabajoParcialNuevo\GameManager.cpp(616,9): warning C4244: 'inicializando': conversión de 'float' a 'int'; posible pérdida de datos
D:\Jorge\tp\TrabajoParcialNuevo\GameManager.cpp(620,9): warning C4244: 'inicializando': conversión de 'float' a 'int'; posible pérdida de datos
D:\Jorge\tp\TrabajoParcialNuevo\GameManager.cpp(621,9): warning C4244: 'inicializando': conversión de 'float' a 'int'; posible pérdida de datos
D:\Jorge\tp\TrabajoParcialNuevo\GameManager.cpp(638,9): warning C4244: 'inicializando': conversión de 'float' a 'int'; posible pérdida de datos
D:\Jorge\tp\TrabajoParcialNuevo\GameManager.cpp(639,9): warning C4244: 'inicializando': conversión de 'float' a 'int'; posible pérdida de datos
D:\Jorge\tp\TrabajoParcialNuevo\GameManager.cpp(643,9): warning C4244: 'inicializando': conversión de 'float' a 'int'; posible pérdida de datos
D:\Jorge\tp\TrabajoParcialNuevo\GameManager.cpp(644,9): warning C4244: 'inicializando': conversión de 'float' a 'int'; posible pérdida de datos
D:\Jorge\tp\TrabajoParcialNuevo\GameManager.cpp(684,2): warning C4267: 'inicializando': conversión de 'size_t' a 'int'; posible pérdida de datos
D:\Jorge\tp\TrabajoParcialNuevo\GameManager.cpp(704,46): warning C4244: 'argumento': conversión de 'int' a 'float'; posible pérdida de datos
D:\Jorge\tp\TrabajoParcialNuevo\GameManager.cpp(704,36): warning C4244: 'argumento': conversión de 'int' a 'float'; posible pérdida de datos
D:\Jorge\tp\TrabajoParcialNuevo\GameManager.cpp(712,47): warning C4244: 'argumento': conversión de 'int' a 'float'; posible pérdida de datos
D:\Jorge\tp\TrabajoParcialNuevo\GameManager.cpp(712,37): warning C4244: 'argumento': conversión de 'int' a 'float'; posible pérdida de datos
D:\Jorge\tp\TrabajoParcialNuevo\GameManager.cpp(725,41): warning C4244: 'argumento': conversión de 'int' a 'float'; posible pérdida de datos
D:\Jorge\tp\TrabajoParcialNuevo\GameManager.cpp(725,34): warning C4244: 'argumento': conversión de 'int' a 'float'; posible pérdida de datos
D:\Jorge\tp\TrabajoParcialNuevo\GameManager.cpp(798,3): warning C4996: '_sleep': This function or variable has been superceded by newer library or operating system functionality. Consider using Sleep instead. See online help for details.
D:\Jorge\tp\TrabajoParcialNuevo\GameManager.cpp(830,4): warning C4996: '_sleep': This function or variable has been superceded by newer library or operating system functionality. Consider using Sleep instead. See online help for details.
D:\Jorge\tp\TrabajoParcialNuevo\GameManager.cpp(857,4): warning C4996: '_sleep': This function or variable has been superceded by newer library or operating system functionality. Consider using Sleep instead. See online help for details.
D:\Jorge\tp\TrabajoParcialNuevo\GameManager.cpp(882,4): warning C4996: '_sleep': This function or variable has been superceded by newer library or operating system functionality. Consider using Sleep instead. See online help for details.
D:\Jorge\tp\TrabajoParcialNuevo\GameManager.cpp(904,3): warning C4996: '_sleep': This function or variable has been superceded by newer library or operating system functionality. Consider using Sleep instead. See online help for details.
  Ally.obj : se encontró un módulo MSIL; vinculación incremental deshabilitada para MSIL; ejecutando vínculo completo
  TrabajoParcialNuevo.vcxproj -> D:\Jorge\tp\x64\Debug\TrabajoParcialNuevo.exe
